<?xml version="1.0" encoding="UTF-8"?>
<!-- Generated by org.testng.reporters.JUnitReportReporter -->
<testsuite hostname="DESKTOP-24NV65I" failures="0" tests="1" name="UserRegistrationTest" time="0.004" errors="0" timestamp="2024-01-19T18:05:09 IST" skipped="0">
  <testcase classname="UserRegistrationTest" name="testUserRegistration" time="0.004"/>
  <system-out/>
</testsuite> <!-- UserRegistrationTest -->
